<?xml version="1.0" encoding="UTF-8"?>
<!-- Generated by org.testng.reporters.JUnitReportReporter -->
<testsuite hostname="DELL" name="Demo.Test2" tests="2" failures="0" timestamp="8 Nov 2015 08:24:44 GMT" time="0.024" errors="0">
  <testcase name="methods" time="0.022" classname="Demo.Test2"/>
  <testcase name="method" time="0.002" classname="Demo.Test2"/>
</testsuite> <!-- Demo.Test2 -->
