<?xml version="1.0" encoding="UTF-8"?>
<!-- Generated by org.testng.reporters.JUnitReportReporter -->
<testsuite hostname="DELL" name="Demo.Test1" tests="2" failures="0" timestamp="8 Nov 2015 08:52:21 GMT" time="0.389" errors="0">
  <testcase name="method2" time="0.002" classname="Demo.Test1"/>
  <testcase name="method1" time="0.387" classname="Demo.Test1"/>
</testsuite> <!-- Demo.Test1 -->
