<?xml version="1.0" encoding="UTF-8"?>
<!-- Generated by org.testng.reporters.JUnitReportReporter -->
<testsuite hostname="DELL" name="TestNG.DemoTestNG" tests="2" failures="0" timestamp="4 Oct 2015 09:34:37 GMT" time="21.475" errors="0">
  <testcase name="DB_Test" time="0.123" classname="TestNG.DemoTestNG"/>
  <testcase name="fbLogin" time="21.352" classname="TestNG.DemoTestNG"/>
</testsuite> <!-- TestNG.DemoTestNG -->
