<?xml version="1.0" encoding="UTF-8"?>
<!-- Generated by org.testng.reporters.JUnitReportReporter -->
<testsuite hostname="DELL" name="TestNG.TestSample" tests="1" failures="0" timestamp="4 Oct 2015 14:53:15 GMT" time="72.248" errors="0">
  <testcase name="fbLogin" time="72.248" classname="TestNG.TestSample"/>
</testsuite> <!-- TestNG.TestSample -->
